<?xml version="1.0" encoding="UTF-8"?>
<testsuite name="org.jetbrains.java.decompiler.SingleClassesTest" tests="92" skipped="0" failures="0" errors="0" timestamp="2021-07-31T11:23:16" hostname="travis-job-d983ebea-8674-448c-8220-089d7e399f2f" time="3.224">
  <properties/>
  <testcase name="testSwitchOnEnum" classname="org.jetbrains.java.decompiler.SingleClassesTest" time="0.56"/>
  <testcase name="testMethodParameters" classname="org.jetbrains.java.decompiler.SingleClassesTest" time="0.066"/>
  <testcase name="testMoreAnnotations" classname="org.jetbrains.java.decompiler.SingleClassesTest" time="0.048"/>
  <testcase name="testMissingConstructorCallGood" classname="org.jetbrains.java.decompiler.SingleClassesTest" time="0.027"/>
  <testcase name="testExtendingSubclass" classname="org.jetbrains.java.decompiler.SingleClassesTest" time="0.02"/>
  <testcase name="testInterfaceMethods" classname="org.jetbrains.java.decompiler.SingleClassesTest" time="0.009"/>
  <testcase name="testClassFields" classname="org.jetbrains.java.decompiler.SingleClassesTest" time="0.027"/>
  <testcase name="testPrimitives" classname="org.jetbrains.java.decompiler.SingleClassesTest" time="0.239"/>
  <testcase name="testClassLambda" classname="org.jetbrains.java.decompiler.SingleClassesTest" time="0.105"/>
  <testcase name="testSyntheticAccess" classname="org.jetbrains.java.decompiler.SingleClassesTest" time="0.034"/>
  <testcase name="testCodeConstructs" classname="org.jetbrains.java.decompiler.SingleClassesTest" time="0.016"/>
  <testcase name="testAccessReplace" classname="org.jetbrains.java.decompiler.SingleClassesTest" time="0.023"/>
  <testcase name="testRecordSimple" classname="org.jetbrains.java.decompiler.SingleClassesTest" time="0.025"/>
  <testcase name="testClassSwitch" classname="org.jetbrains.java.decompiler.SingleClassesTest" time="0.019"/>
  <testcase name="testAnonymousClass" classname="org.jetbrains.java.decompiler.SingleClassesTest" time="0.08"/>
  <testcase name="testRecordVararg" classname="org.jetbrains.java.decompiler.SingleClassesTest" time="0.023"/>
  <testcase name="testExtendsList" classname="org.jetbrains.java.decompiler.SingleClassesTest" time="0.011"/>
  <testcase name="testIllegalVarName" classname="org.jetbrains.java.decompiler.SingleClassesTest" time="0.035"/>
  <testcase name="testStringLiterals" classname="org.jetbrains.java.decompiler.SingleClassesTest" time="0.014"/>
  <testcase name="testShadowing" classname="org.jetbrains.java.decompiler.SingleClassesTest" time="0.032"/>
  <testcase name="testVarArgCalls" classname="org.jetbrains.java.decompiler.SingleClassesTest" time="0.02"/>
  <testcase name="testInnerClassConstructor" classname="org.jetbrains.java.decompiler.SingleClassesTest" time="0.021"/>
  <testcase name="testPrivateEmptyConstructor" classname="org.jetbrains.java.decompiler.SingleClassesTest" time="0.01"/>
  <testcase name="testEnum" classname="org.jetbrains.java.decompiler.SingleClassesTest" time="0.044"/>
  <testcase name="testAsserts" classname="org.jetbrains.java.decompiler.SingleClassesTest" time="0.04"/>
  <testcase name="testSynchronizedMapping" classname="org.jetbrains.java.decompiler.SingleClassesTest" time="0.023"/>
  <testcase name="testInheritanceChainCycle" classname="org.jetbrains.java.decompiler.SingleClassesTest" time="0.015"/>
  <testcase name="testSynchronizedUnprotected" classname="org.jetbrains.java.decompiler.SingleClassesTest" time="0.022"/>
  <testcase name="testMissingConstructorCallBad" classname="org.jetbrains.java.decompiler.SingleClassesTest" time="0.025"/>
  <testcase name="testClassTypes" classname="org.jetbrains.java.decompiler.SingleClassesTest" time="0.025"/>
  <testcase name="testParameterizedTypes" classname="org.jetbrains.java.decompiler.SingleClassesTest" time="0.013"/>
  <testcase name="testStaticNameClash" classname="org.jetbrains.java.decompiler.SingleClassesTest" time="0.017"/>
  <testcase name="testPrivateClasses" classname="org.jetbrains.java.decompiler.SingleClassesTest" time="0.12"/>
  <testcase name="testMethodReferenceSameName" classname="org.jetbrains.java.decompiler.SingleClassesTest" time="0.014"/>
  <testcase name="testTryCatchFinally" classname="org.jetbrains.java.decompiler.SingleClassesTest" time="0.066"/>
  <testcase name="testLambdaParams" classname="org.jetbrains.java.decompiler.SingleClassesTest" time="0.025"/>
  <testcase name="testClassNestedInitializer" classname="org.jetbrains.java.decompiler.SingleClassesTest" time="0.014"/>
  <testcase name="testConstructorReference" classname="org.jetbrains.java.decompiler.SingleClassesTest" time="0.006"/>
  <testcase name="testAnonymousParamNames" classname="org.jetbrains.java.decompiler.SingleClassesTest" time="0.011"/>
  <testcase name="testPop2TwoIntTwoPop" classname="org.jetbrains.java.decompiler.SingleClassesTest" time="0.01"/>
  <testcase name="testInvertedFloatComparison" classname="org.jetbrains.java.decompiler.SingleClassesTest" time="0.042"/>
  <testcase name="testTypeAnnotations" classname="org.jetbrains.java.decompiler.SingleClassesTest" time="0.007"/>
  <testcase name="testAbstractMethods" classname="org.jetbrains.java.decompiler.SingleClassesTest" time="0.008"/>
  <testcase name="testPop2OneLongPop2" classname="org.jetbrains.java.decompiler.SingleClassesTest" time="0.01"/>
  <testcase name="testDeprecations" classname="org.jetbrains.java.decompiler.SingleClassesTest" time="0.009"/>
  <testcase name="testRecordAnno" classname="org.jetbrains.java.decompiler.SingleClassesTest" time="0.009"/>
  <testcase name="testEmptyBlocks" classname="org.jetbrains.java.decompiler.SingleClassesTest" time="0.018"/>
  <testcase name="testJava9ModuleInfo" classname="org.jetbrains.java.decompiler.SingleClassesTest" time="0.004"/>
  <testcase name="testInnerLocal" classname="org.jetbrains.java.decompiler.SingleClassesTest" time="0.014"/>
  <testcase name="testDebugSymbols" classname="org.jetbrains.java.decompiler.SingleClassesTest" time="0.008"/>
  <testcase name="testPrimitiveNarrowing" classname="org.jetbrains.java.decompiler.SingleClassesTest" time="0.007"/>
  <testcase name="testConstType" classname="org.jetbrains.java.decompiler.SingleClassesTest" time="0.026"/>
  <testcase name="testConstants" classname="org.jetbrains.java.decompiler.SingleClassesTest" time="0.012"/>
  <testcase name="testPackageInfo" classname="org.jetbrains.java.decompiler.SingleClassesTest" time="0.004"/>
  <testcase name="testGroovyClass" classname="org.jetbrains.java.decompiler.SingleClassesTest" time="0.19"/>
  <testcase name="testGroovyTrait" classname="org.jetbrains.java.decompiler.SingleClassesTest" time="0.074"/>
  <testcase name="testGenericArgs" classname="org.jetbrains.java.decompiler.SingleClassesTest" time="0.013"/>
  <testcase name="testAnonymousClassConstructor" classname="org.jetbrains.java.decompiler.SingleClassesTest" time="0.053"/>
  <testcase name="testLocalClass" classname="org.jetbrains.java.decompiler.SingleClassesTest" time="0.013"/>
  <testcase name="testAmbiguousCallWithDebugInfo" classname="org.jetbrains.java.decompiler.SingleClassesTest" time="0.011"/>
  <testcase name="testKotlinConstructor" classname="org.jetbrains.java.decompiler.SingleClassesTest" time="0.024"/>
  <testcase name="testRecordEmpty" classname="org.jetbrains.java.decompiler.SingleClassesTest" time="0.008"/>
  <testcase name="testStringConcat" classname="org.jetbrains.java.decompiler.SingleClassesTest" time="0.019"/>
  <testcase name="testClashName" classname="org.jetbrains.java.decompiler.SingleClassesTest" time="0.028"/>
  <testcase name="testClassCast" classname="org.jetbrains.java.decompiler.SingleClassesTest" time="0.006"/>
  <testcase name="testClassLoop" classname="org.jetbrains.java.decompiler.SingleClassesTest" time="0.048"/>
  <testcase name="testAmbiguousCall" classname="org.jetbrains.java.decompiler.SingleClassesTest" time="0.009"/>
  <testcase name="testInnerClassConstructor11" classname="org.jetbrains.java.decompiler.SingleClassesTest" time="0.013"/>
  <testcase name="testSuspendLambda" classname="org.jetbrains.java.decompiler.SingleClassesTest" time="0.024"/>
  <testcase name="testMethodParametersAttr" classname="org.jetbrains.java.decompiler.SingleClassesTest" time="0.016"/>
  <testcase name="testRecordGenericVararg" classname="org.jetbrains.java.decompiler.SingleClassesTest" time="0.013"/>
  <testcase name="testLocalsSignature" classname="org.jetbrains.java.decompiler.SingleClassesTest" time="0.008"/>
  <testcase name="testMemberAnnotations" classname="org.jetbrains.java.decompiler.SingleClassesTest" time="0.009"/>
  <testcase name="testMethodReferenceLetterClass" classname="org.jetbrains.java.decompiler.SingleClassesTest" time="0.004"/>
  <testcase name="testNamedSuspendFun2Kt" classname="org.jetbrains.java.decompiler.SingleClassesTest" time="0.199"/>
  <testcase name="testAnonymousParams" classname="org.jetbrains.java.decompiler.SingleClassesTest" time="0.015"/>
  <testcase name="testPop2OneDoublePop2" classname="org.jetbrains.java.decompiler.SingleClassesTest" time="0.012"/>
  <testcase name="testThrowException" classname="org.jetbrains.java.decompiler.SingleClassesTest" time="0.013"/>
  <testcase name="testSimpleBytecodeMapping" classname="org.jetbrains.java.decompiler.SingleClassesTest" time="0.038"/>
  <testcase name="testAnonymousSignature" classname="org.jetbrains.java.decompiler.SingleClassesTest" time="0.014"/>
  <testcase name="testClassVar" classname="org.jetbrains.java.decompiler.SingleClassesTest" time="0.039"/>
  <testcase name="testInterfaceFields" classname="org.jetbrains.java.decompiler.SingleClassesTest" time="0.011"/>
  <testcase name="testIffSimplification" classname="org.jetbrains.java.decompiler.SingleClassesTest" time="0.03"/>
  <testcase name="testPop2TwoIntPop2" classname="org.jetbrains.java.decompiler.SingleClassesTest" time="0.007"/>
  <testcase name="testFieldSingleAccess" classname="org.jetbrains.java.decompiler.SingleClassesTest" time="0.019"/>
  <testcase name="testLocalsNames" classname="org.jetbrains.java.decompiler.SingleClassesTest" time="0.026"/>
  <testcase name="testInnerSignature" classname="org.jetbrains.java.decompiler.SingleClassesTest" time="0.009"/>
  <testcase name="testJava9StringConcat" classname="org.jetbrains.java.decompiler.SingleClassesTest" time="0.01"/>
  <testcase name="testJava11StringConcat" classname="org.jetbrains.java.decompiler.SingleClassesTest" time="0.005"/>
  <testcase name="testSuperInner" classname="org.jetbrains.java.decompiler.SingleClassesTest" time="0.017"/>
  <testcase name="testInterfaceSuper" classname="org.jetbrains.java.decompiler.SingleClassesTest" time="0.006"/>
  <testcase name="testInvalidMethodSignature" classname="org.jetbrains.java.decompiler.SingleClassesTest" time="0.009"/>
  <system-out><![CDATA[WARN:  Inconsistent references to the class 'pkg/TestSwitchOnEnum$1' which is supposed to be anonymous
WARN:  Inconsistent anonymous class definition: 'pkg/TestSuspendLambdaKt$sl1$1'. Multiple interfaces and/or super class defined.
WARN:  Nameless local or member class pkg/TestSuspendLambdaKt$sl1$1!
WARN:  Inconsistent references to the class 'TestNamedSuspendFun2Kt$foo2$1' which is supposed to be anonymous
WARN:  Heavily obfuscated exception ranges found!
WARN:  Nameless local or member class TestNamedSuspendFun2Kt$foo2$1!
WARN:  Invalid signature: SourceFile
]]></system-out>
  <system-err><![CDATA[]]></system-err>
</testsuite>
