<?xml version="1.0" encoding="UTF-8"?>
<testsuite name="org.jetbrains.java.decompiler.ConverterHelperTest" tests="39" skipped="0" failures="0" errors="0" timestamp="2021-07-31T11:15:04" hostname="travis-job-c1688464-745f-42b8-8124-d6ff777bd0d3" time="0.059">
  <properties/>
  <testcase name="testUnderscoreMethodName" classname="org.jetbrains.java.decompiler.ConverterHelperTest" time="0.0"/>
  <testcase name="testInvalidTrailingCharClassName" classname="org.jetbrains.java.decompiler.ConverterHelperTest" time="0.003"/>
  <testcase name="testLtInitGtMethodName" classname="org.jetbrains.java.decompiler.ConverterHelperTest" time="0.001"/>
  <testcase name="testKeywordClassName" classname="org.jetbrains.java.decompiler.ConverterHelperTest" time="0.001"/>
  <testcase name="testLtClinitGtFieldName" classname="org.jetbrains.java.decompiler.ConverterHelperTest" time="0.0"/>
  <testcase name="testShortMethodName" classname="org.jetbrains.java.decompiler.ConverterHelperTest" time="0.0"/>
  <testcase name="testValidFieldName" classname="org.jetbrains.java.decompiler.ConverterHelperTest" time="0.001"/>
  <testcase name="testReservedWindowsNamespaceFieldName" classname="org.jetbrains.java.decompiler.ConverterHelperTest" time="0.0"/>
  <testcase name="testLeadingDigitClassName" classname="org.jetbrains.java.decompiler.ConverterHelperTest" time="0.0"/>
  <testcase name="testUnderscoreClassName" classname="org.jetbrains.java.decompiler.ConverterHelperTest" time="0.001"/>
  <testcase name="testLtClinitGtMethodName" classname="org.jetbrains.java.decompiler.ConverterHelperTest" time="0.0"/>
  <testcase name="testNullClassName" classname="org.jetbrains.java.decompiler.ConverterHelperTest" time="0.0"/>
  <testcase name="testInvalidLeadingCharFieldName" classname="org.jetbrains.java.decompiler.ConverterHelperTest" time="0.0"/>
  <testcase name="testInvalidMiddleCharMethodName" classname="org.jetbrains.java.decompiler.ConverterHelperTest" time="0.001"/>
  <testcase name="testShortClassName" classname="org.jetbrains.java.decompiler.ConverterHelperTest" time="0.002"/>
  <testcase name="testInvalidTrailingCharFieldName" classname="org.jetbrains.java.decompiler.ConverterHelperTest" time="0.003"/>
  <testcase name="testKeywordFieldName" classname="org.jetbrains.java.decompiler.ConverterHelperTest" time="0.001"/>
  <testcase name="testKeywordMethodName" classname="org.jetbrains.java.decompiler.ConverterHelperTest" time="0.001"/>
  <testcase name="testInvalidLeadingCharMethodName" classname="org.jetbrains.java.decompiler.ConverterHelperTest" time="0.0"/>
  <testcase name="testLeadingDigitFieldName" classname="org.jetbrains.java.decompiler.ConverterHelperTest" time="0.0"/>
  <testcase name="testUnderscoreFieldName" classname="org.jetbrains.java.decompiler.ConverterHelperTest" time="0.001"/>
  <testcase name="testNullFieldName" classname="org.jetbrains.java.decompiler.ConverterHelperTest" time="0.007"/>
  <testcase name="testEmptyMethodName" classname="org.jetbrains.java.decompiler.ConverterHelperTest" time="0.0"/>
  <testcase name="testInvalidMiddleCharClassName" classname="org.jetbrains.java.decompiler.ConverterHelperTest" time="0.0"/>
  <testcase name="testNullMethodName" classname="org.jetbrains.java.decompiler.ConverterHelperTest" time="0.0"/>
  <testcase name="testEmptyClassName" classname="org.jetbrains.java.decompiler.ConverterHelperTest" time="0.0"/>
  <testcase name="testLtInitGtClassName" classname="org.jetbrains.java.decompiler.ConverterHelperTest" time="0.0"/>
  <testcase name="testShortFieldName" classname="org.jetbrains.java.decompiler.ConverterHelperTest" time="0.002"/>
  <testcase name="testValidMethodName" classname="org.jetbrains.java.decompiler.ConverterHelperTest" time="0.0"/>
  <testcase name="testLeadingDigitMethodName" classname="org.jetbrains.java.decompiler.ConverterHelperTest" time="0.002"/>
  <testcase name="testReservedWindowsNamespaceName" classname="org.jetbrains.java.decompiler.ConverterHelperTest" time="0.001"/>
  <testcase name="testLtClinitGtClassName" classname="org.jetbrains.java.decompiler.ConverterHelperTest" time="0.001"/>
  <testcase name="testInvalidMiddleCharFieldName" classname="org.jetbrains.java.decompiler.ConverterHelperTest" time="0.001"/>
  <testcase name="testValidClassName" classname="org.jetbrains.java.decompiler.ConverterHelperTest" time="0.001"/>
  <testcase name="testInvalidTrailingCharMethodName" classname="org.jetbrains.java.decompiler.ConverterHelperTest" time="0.001"/>
  <testcase name="testEmptyFieldName" classname="org.jetbrains.java.decompiler.ConverterHelperTest" time="0.001"/>
  <testcase name="testReservedWindowsNamespaceClassName" classname="org.jetbrains.java.decompiler.ConverterHelperTest" time="0.0"/>
  <testcase name="testLtInitGtFieldName" classname="org.jetbrains.java.decompiler.ConverterHelperTest" time="0.0"/>
  <testcase name="testInvalidLeadingCharClassName" classname="org.jetbrains.java.decompiler.ConverterHelperTest" time="0.001"/>
  <system-out><![CDATA[]]></system-out>
  <system-err><![CDATA[]]></system-err>
</testsuite>
